<?xml version="1.0" encoding="UTF-8"?>
<!-- Generated by org.testng.reporters.JUnitReportReporter -->
<testsuite skipped="0" hostname="Hemwati" name="testCase.ReadOneProduct" tests="1" failures="0" timestamp="2022-12-07T18:15:03 EST" time="1.562" errors="0">
  <testcase name="readOneProduct" time="1.562" classname="testCase.ReadOneProduct"/>
  <system-out/>
</testsuite> <!-- testCase.ReadOneProduct -->
