<?xml version="1.0" encoding="UTF-8"?>
<!-- Generated by org.testng.reporters.JUnitReportReporter -->
<testsuite skipped="0" hostname="Hemwati" name="testCase.DeleteAProduct" tests="1" failures="0" timestamp="2022-12-07T18:14:33 EST" time="1.656" errors="0">
  <testcase name="delete_A_Product" time="1.656" classname="testCase.DeleteAProduct"/>
  <system-out/>
</testsuite> <!-- testCase.DeleteAProduct -->
