<?xml version="1.0" encoding="UTF-8"?>
<!-- Generated by org.testng.reporters.JUnitReportReporter -->
<testsuite skipped="0" hostname="Hemwati" name="testCase.ReadAllProducts" tests="1" failures="0" timestamp="2022-12-07T18:14:53 EST" time="2.275" errors="0">
  <testcase name="readAllProducts" time="2.275" classname="testCase.ReadAllProducts"/>
  <system-out/>
</testsuite> <!-- testCase.ReadAllProducts -->
