<?xml version="1.0" encoding="UTF-8"?>
<!-- Generated by org.testng.reporters.JUnitReportReporter -->
<testsuite skipped="0" hostname="Hemwati" name="testCase.UpdateOneProductAdvanced" tests="4" failures="0" timestamp="2022-12-07T18:15:34 EST" time="3.309" errors="0">
  <testcase name="createOneProduct" time="1.746" classname="testCase.UpdateOneProductAdvanced"/>
  <system-out/>
  <testcase name="readAllProducts" time="0.922" classname="testCase.UpdateOneProductAdvanced"/>
  <system-out/>
  <testcase name="uapdateOneProduct" time="0.325" classname="testCase.UpdateOneProductAdvanced"/>
  <system-out/>
  <testcase name="readOneUpdatedProduct" time="0.316" classname="testCase.UpdateOneProductAdvanced"/>
  <system-out/>
</testsuite> <!-- testCase.UpdateOneProductAdvanced -->
