<?xml version="1.0" encoding="UTF-8"?>
<!-- Generated by org.testng.reporters.JUnitReportReporter -->
<testsuite skipped="0" hostname="Hemwati" name="testCase.CreateOneProduct" tests="1" failures="0" timestamp="2022-12-07T18:14:21 EST" time="1.951" errors="0">
  <testcase name="createOneProduct" time="1.951" classname="testCase.CreateOneProduct"/>
  <system-out/>
</testsuite> <!-- testCase.CreateOneProduct -->
