<?xml version="1.0" encoding="UTF-8"?>
<!-- Generated by org.testng.reporters.JUnitReportReporter -->
<testsuite skipped="0" hostname="Hemwati" name="testCase.UpdateOneProduct" tests="1" failures="0" timestamp="2022-12-07T18:15:23 EST" time="1.522" errors="0">
  <testcase name="updateOneProduct" time="1.522" classname="testCase.UpdateOneProduct"/>
  <system-out/>
</testsuite> <!-- testCase.UpdateOneProduct -->
